0 info it worked if it ends with ok
1 verbose cli [ '/home/lin/.nvm/versions/node/v6.3.0/bin/node',
1 verbose cli   '/home/lin/.nvm/versions/node/v6.3.0/bin/npm',
1 verbose cli   'run',
1 verbose cli   'build' ]
2 info using npm@3.10.3
3 info using node@v6.3.0
4 verbose run-script [ 'prebuild', 'build', 'postbuild' ]
5 info lifecycle 004-webpack-babel@1.0.0~prebuild: 004-webpack-babel@1.0.0
6 silly lifecycle 004-webpack-babel@1.0.0~prebuild: no script for prebuild, continuing
7 info lifecycle 004-webpack-babel@1.0.0~build: 004-webpack-babel@1.0.0
8 verbose lifecycle 004-webpack-babel@1.0.0~build: unsafe-perm in lifecycle true
9 verbose lifecycle 004-webpack-babel@1.0.0~build: PATH: /home/lin/.nvm/versions/node/v6.3.0/lib/node_modules/npm/bin/node-gyp-bin:/home/lin/big-demo/node_modules/.bin:/home/lin/.nvm/versions/node/v6.3.0/bin:/home/lin/.nvm/versions/node/v6.3.0/bin:/usr/local/bin:/usr/bin:/bin:/usr/local/games:/usr/games
10 verbose lifecycle 004-webpack-babel@1.0.0~build: CWD: /home/lin/big-demo
11 silly lifecycle 004-webpack-babel@1.0.0~build: Args: [ '-c',
11 silly lifecycle   ' ./node_modules/.bin/webpack --config webpack.config.prod.js' ]
12 silly lifecycle 004-webpack-babel@1.0.0~build: Returned: code: 1  signal: null
13 info lifecycle 004-webpack-babel@1.0.0~build: Failed to exec build script
14 verbose stack Error: 004-webpack-babel@1.0.0 build: ` ./node_modules/.bin/webpack --config webpack.config.prod.js`
14 verbose stack Exit status 1
14 verbose stack     at EventEmitter.<anonymous> (/home/lin/.nvm/versions/node/v6.3.0/lib/node_modules/npm/lib/utils/lifecycle.js:242:16)
14 verbose stack     at emitTwo (events.js:106:13)
14 verbose stack     at EventEmitter.emit (events.js:191:7)
14 verbose stack     at ChildProcess.<anonymous> (/home/lin/.nvm/versions/node/v6.3.0/lib/node_modules/npm/lib/utils/spawn.js:40:14)
14 verbose stack     at emitTwo (events.js:106:13)
14 verbose stack     at ChildProcess.emit (events.js:191:7)
14 verbose stack     at maybeClose (internal/child_process.js:852:16)
14 verbose stack     at Process.ChildProcess._handle.onexit (internal/child_process.js:215:5)
15 verbose pkgid 004-webpack-babel@1.0.0
16 verbose cwd /home/lin/big-demo
17 error Linux 4.4.0-2-deepin-amd64
18 error argv "/home/lin/.nvm/versions/node/v6.3.0/bin/node" "/home/lin/.nvm/versions/node/v6.3.0/bin/npm" "run" "build"
19 error node v6.3.0
20 error npm  v3.10.3
21 error code ELIFECYCLE
22 error 004-webpack-babel@1.0.0 build: ` ./node_modules/.bin/webpack --config webpack.config.prod.js`
22 error Exit status 1
23 error Failed at the 004-webpack-babel@1.0.0 build script ' ./node_modules/.bin/webpack --config webpack.config.prod.js'.
23 error Make sure you have the latest version of node.js and npm installed.
23 error If you do, this is most likely a problem with the 004-webpack-babel package,
23 error not with npm itself.
23 error Tell the author that this fails on your system:
23 error      ./node_modules/.bin/webpack --config webpack.config.prod.js
23 error You can get information on how to open an issue for this project with:
23 error     npm bugs 004-webpack-babel
23 error Or if that isn't available, you can get their info via:
23 error     npm owner ls 004-webpack-babel
23 error There is likely additional logging output above.
24 verbose exit [ 1, true ]
